<?xml version="1.0" encoding="UTF-8"?>
<testsuite xmlns:xsi="http://www.w3.org/2001/XMLSchema-instance" xsi:noNamespaceSchemaLocation="https://maven.apache.org/surefire/maven-surefire-plugin/xsd/surefire-test-report.xsd" name="com.openclassrooms.testing.premiertest.CalculatorTest" time="1.065" tests="11" errors="0" skipped="0" failures="0">
  <properties>
[...]
</properties>
  <testcase name="testAddTwoPositiveNumbers" classname="com.openclassrooms.testing.premiertest.CalculatorTest" time="0.169"/>
  <testcase name="add_shouldReturnTheSum_ofMultipleIntegers{int, int, int}[1]" classname="com.openclassrooms.testing.premiertest.CalculatorTest" time="0.043"/>
  <testcase name="add_shouldReturnTheSum_ofMultipleIntegers{int, int, int}[2]" classname="com.openclassrooms.testing.premiertest.CalculatorTest" time="0.01"/>
  <testcase name="add_shouldReturnTheSum_ofMultipleIntegers{int, int, int}[3]" classname="com.openclassrooms.testing.premiertest.CalculatorTest" time="0.01"/>
  <testcase name="longCalcul_shouldComputeInLessThan1Second" classname="com.openclassrooms.testing.premiertest.CalculatorTest" time="0.512"/>
  <testcase name="testMultiplyTwoPositiveNumbers" classname="com.openclassrooms.testing.premiertest.CalculatorTest" time="0.019"/>
  <testcase name="multiply_shouldReturnZero_ofZeroWithMultipleIntegers{int}[1]" classname="com.openclassrooms.testing.premiertest.CalculatorTest" time="0.025"/>
  <testcase name="multiply_shouldReturnZero_ofZeroWithMultipleIntegers{int}[2]" classname="com.openclassrooms.testing.premiertest.CalculatorTest" time="0.011"/>
  <testcase name="multiply_shouldReturnZero_ofZeroWithMultipleIntegers{int}[3]" classname="com.openclassrooms.testing.premiertest.CalculatorTest" time="0.004"/>
  <testcase name="multiply_shouldReturnZero_ofZeroWithMultipleIntegers{int}[4]" classname="com.openclassrooms.testing.premiertest.CalculatorTest" time="0.003"/>
  <testcase name="multiply_shouldReturnZero_ofZeroWithMultipleIntegers{int}[5]" classname="com.openclassrooms.testing.premiertest.CalculatorTest" time="0.004"/>
</testsuite>